# JRE version: Java(TM) SE Runtime Environment (8.0_131-b11) (build 1.8.0_131-b11)
# Java VM: Java HotSpot(TM) 64-Bit Server VM (25.131-b11 mixed mode windows-amd64 compressed oops)
Heap:
 PSYoungGen      total 22016K, used 4552K [0x00000000eb200000, 0x00000000ecd00000, 0x0000000100000000)
  eden space 16384K, 16% used [0x00000000eb200000,0x00000000eb4a4e40,0x00000000ec200000)
  from space 5632K, 32% used [0x00000000ec200000,0x00000000ec3cd500,0x00000000ec780000)
  to   space 5632K, 0% used [0x00000000ec780000,0x00000000ec780000,0x00000000ecd00000)
 ParOldGen       total 44032K, used 6497K [0x00000000c1600000, 0x00000000c4100000, 0x00000000eb200000)
  object space 44032K, 14% used [0x00000000c1600000,0x00000000c1c58400,0x00000000c4100000)
 Metaspace       used 19816K, capacity 20530K, committed 20736K, reserved 1067008K
  class space    used 2767K, capacity 2974K, committed 3072K, reserved 1048576K
GC Heap History (10 events):
Event: 8.056 GC heap before
{Heap before GC invocations=3 (full 0):
 PSYoungGen      total 18944K, used 18931K [0x00000000eb200000, 0x00000000ec700000, 0x0000000100000000)
  eden space 16384K, 100% used [0x00000000eb200000,0x00000000ec200000,0x00000000ec200000)
  from space 2560K, 99% used [0x00000000ec480000,0x00000000ec6fcc70,0x00000000ec700000)
  to   space 2560K, 0% used [0x00000000ec200000,0x00000000ec200000,0x00000000ec480000)
 ParOldGen       total 44032K, used 3283K [0x00000000c1600000, 0x00000000c4100000, 0x00000000eb200000)
  object space 44032K, 7% used [0x00000000c1600000,0x00000000c1934c48,0x00000000c4100000)
 Metaspace       used 17744K, capacity 18390K, committed 18688K, reserved 1064960K
  class space    used 2573K, capacity 2738K, committed 2816K, reserved 1048576K
Event: 8.068 GC heap after
Heap after GC invocations=3 (full 0):
 PSYoungGen      total 18944K, used 2551K [0x00000000eb200000, 0x00000000ec700000, 0x0000000100000000)
  eden space 16384K, 0% used [0x00000000eb200000,0x00000000eb200000,0x00000000ec200000)
  from space 2560K, 99% used [0x00000000ec200000,0x00000000ec47dc90,0x00000000ec480000)
  to   space 2560K, 0% used [0x00000000ec480000,0x00000000ec480000,0x00000000ec700000)
 ParOldGen       total 44032K, used 4788K [0x00000000c1600000, 0x00000000c4100000, 0x00000000eb200000)
  object space 44032K, 10% used [0x00000000c1600000,0x00000000c1aad1d8,0x00000000c4100000)
 Metaspace       used 17744K, capacity 18390K, committed 18688K, reserved 1064960K
  class space    used 2573K, capacity 2738K, committed 2816K, reserved 1048576K
}
Event: 8.820 GC heap before
{Heap before GC invocations=4 (full 0):
 PSYoungGen      total 18944K, used 18935K [0x00000000eb200000, 0x00000000ec700000, 0x0000000100000000)
  eden space 16384K, 100% used [0x00000000eb200000,0x00000000ec200000,0x00000000ec200000)
  from space 2560K, 99% used [0x00000000ec200000,0x00000000ec47dc90,0x00000000ec480000)
  to   space 2560K, 0% used [0x00000000ec480000,0x00000000ec480000,0x00000000ec700000)
 ParOldGen       total 44032K, used 4788K [0x00000000c1600000, 0x00000000c4100000, 0x00000000eb200000)
  object space 44032K, 10% used [0x00000000c1600000,0x00000000c1aad1d8,0x00000000c4100000)
 Metaspace       used 18371K, capacity 19074K, committed 19200K, reserved 1064960K
  class space    used 2630K, capacity 2812K, committed 2816K, reserved 1048576K
Event: 8.826 GC heap after
Heap after GC invocations=4 (full 0):
 PSYoungGen      total 18944K, used 2535K [0x00000000eb200000, 0x00000000ec700000, 0x0000000100000000)
  eden space 16384K, 0% used [0x00000000eb200000,0x00000000eb200000,0x00000000ec200000)
  from space 2560K, 99% used [0x00000000ec480000,0x00000000ec6f9c60,0x00000000ec700000)
  to   space 2560K, 0% used [0x00000000ec200000,0x00000000ec200000,0x00000000ec480000)
 ParOldGen       total 44032K, used 5144K [0x00000000c1600000, 0x00000000c4100000, 0x00000000eb200000)
  object space 44032K, 11% used [0x00000000c1600000,0x00000000c1b061b8,0x00000000c4100000)
 Metaspace       used 18371K, capacity 19074K, committed 19200K, reserved 1064960K
  class space    used 2630K, capacity 2812K, committed 2816K, reserved 1048576K
}
Event: 10.526 GC heap before
{Heap before GC invocations=5 (full 0):
 PSYoungGen      total 18944K, used 18919K [0x00000000eb200000, 0x00000000ec700000, 0x0000000100000000)
  eden space 16384K, 100% used [0x00000000eb200000,0x00000000ec200000,0x00000000ec200000)
  from space 2560K, 99% used [0x00000000ec480000,0x00000000ec6f9c60,0x00000000ec700000)
  to   space 2560K, 0% used [0x00000000ec200000,0x00000000ec200000,0x00000000ec480000)
 ParOldGen       total 44032K, used 5144K [0x00000000c1600000, 0x00000000c4100000, 0x00000000eb200000)
  object space 44032K, 11% used [0x00000000c1600000,0x00000000c1b061b8,0x00000000c4100000)
 Metaspace       used 18716K, capacity 19432K, committed 19584K, reserved 1067008K
  class space    used 2637K, capacity 2845K, committed 2944K, reserved 1048576K
Event: 10.532 GC heap after
Heap after GC invocations=5 (full 0):
 PSYoungGen      total 18944K, used 2551K [0x00000000eb200000, 0x00000000ecd00000, 0x0000000100000000)
  eden space 16384K, 0% used [0x00000000eb200000,0x00000000eb200000,0x00000000ec200000)
  from space 2560K, 99% used [0x00000000ec200000,0x00000000ec47dc70,0x00000000ec480000)
  to   space 5632K, 0% used [0x00000000ec780000,0x00000000ec780000,0x00000000ecd00000)
 ParOldGen       total 44032K, used 5216K [0x00000000c1600000, 0x00000000c4100000, 0x00000000eb200000)
  object space 44032K, 11% used [0x00000000c1600000,0x00000000c1b181c8,0x00000000c4100000)
 Metaspace       used 18716K, capacity 19432K, committed 19584K, reserved 1067008K
  class space    used 2637K, capacity 2845K, committed 2944K, reserved 1048576K
}
Event: 11.627 GC heap before
{Heap before GC invocations=6 (full 0):
 PSYoungGen      total 18944K, used 18935K [0x00000000eb200000, 0x00000000ecd00000, 0x0000000100000000)
  eden space 16384K, 100% used [0x00000000eb200000,0x00000000ec200000,0x00000000ec200000)
  from space 2560K, 99% used [0x00000000ec200000,0x00000000ec47dc70,0x00000000ec480000)
  to   space 5632K, 0% used [0x00000000ec780000,0x00000000ec780000,0x00000000ecd00000)
 ParOldGen       total 44032K, used 5216K [0x00000000c1600000, 0x00000000c4100000, 0x00000000eb200000)
  object space 44032K, 11% used [0x00000000c1600000,0x00000000c1b181c8,0x00000000c4100000)
 Metaspace       used 19275K, capacity 19976K, committed 20096K, reserved 1067008K
  class space    used 2695K, capacity 2877K, committed 2944K, reserved 1048576K
Event: 11.636 GC heap after
Heap after GC invocations=6 (full 0):
 PSYoungGen      total 22016K, used 2969K [0x00000000eb200000, 0x00000000ecd00000, 0x0000000100000000)
  eden space 16384K, 0% used [0x00000000eb200000,0x00000000eb200000,0x00000000ec200000)
  from space 5632K, 52% used [0x00000000ec780000,0x00000000eca66620,0x00000000ecd00000)
  to   space 5632K, 0% used [0x00000000ec200000,0x00000000ec200000,0x00000000ec780000)
 ParOldGen       total 44032K, used 5224K [0x00000000c1600000, 0x00000000c4100000, 0x00000000eb200000)
  object space 44032K, 11% used [0x00000000c1600000,0x00000000c1b1a1c8,0x00000000c4100000)
 Metaspace       used 19275K, capacity 19976K, committed 20096K, reserved 1067008K
  class space    used 2695K, capacity 2877K, committed 2944K, reserved 1048576K
}
Event: 12.759 GC heap before
{Heap before GC invocations=7 (full 0):
 PSYoungGen      total 22016K, used 19353K [0x00000000eb200000, 0x00000000ecd00000, 0x0000000100000000)
  eden space 16384K, 100% used [0x00000000eb200000,0x00000000ec200000,0x00000000ec200000)
  from space 5632K, 52% used [0x00000000ec780000,0x00000000eca66620,0x00000000ecd00000)
  to   space 5632K, 0% used [0x00000000ec200000,0x00000000ec200000,0x00000000ec780000)
 ParOldGen       total 44032K, used 5224K [0x00000000c1600000, 0x00000000c4100000, 0x00000000eb200000)
  object space 44032K, 11% used [0x00000000c1600000,0x00000000c1b1a1c8,0x00000000c4100000)
 Metaspace       used 19775K, capacity 20434K, committed 20608K, reserved 1067008K
  class space    used 2760K, capacity 2942K, committed 2944K, reserved 1048576K
Event: 12.767 GC heap after
Heap after GC invocations=7 (full 0):
 PSYoungGen      total 22016K, used 1845K [0x00000000eb200000, 0x00000000ecd00000, 0x0000000100000000)
  eden space 16384K, 0% used [0x00000000eb200000,0x00000000eb200000,0x00000000ec200000)
  from space 5632K, 32% used [0x00000000ec200000,0x00000000ec3cd500,0x00000000ec780000)
  to   space 5632K, 0% used [0x00000000ec780000,0x00000000ec780000,0x00000000ecd00000)
 ParOldGen       total 44032K, used 6497K [0x00000000c1600000, 0x00000000c4100000, 0x00000000eb200000)
  object space 44032K, 14% used [0x00000000c1600000,0x00000000c1c58400,0x00000000c4100000)
 Metaspace       used 19775K, capacity 20434K, committed 20608K, reserved 1067008K
  class space    used 2760K, capacity 2942K, committed 2944K, reserved 1048576K
}

