# JRE version: Java(TM) SE Runtime Environment (8.0_131-b11) (build 1.8.0_131-b11)
# Java VM: Java HotSpot(TM) 64-Bit Server VM (25.131-b11 mixed mode windows-amd64 compressed oops)
Heap:
 PSYoungGen      total 22528K, used 6636K [0x00000000eb200000, 0x00000000ece00000, 0x0000000100000000)
  eden space 16384K, 37% used [0x00000000eb200000,0x00000000eb8026b0,0x00000000ec200000)
  from space 6144K, 7% used [0x00000000ec800000,0x00000000ec878a18,0x00000000ece00000)
  to   space 6144K, 0% used [0x00000000ec200000,0x00000000ec200000,0x00000000ec800000)
 ParOldGen       total 44032K, used 7504K [0x00000000c1600000, 0x00000000c4100000, 0x00000000eb200000)
  object space 44032K, 17% used [0x00000000c1600000,0x00000000c1d541a0,0x00000000c4100000)
 Metaspace       used 19898K, capacity 20618K, committed 20992K, reserved 1067008K
  class space    used 2767K, capacity 2984K, committed 3072K, reserved 1048576K
GC Heap History (10 events):
Event: 6.726 GC heap before
{Heap before GC invocations=4 (full 0):
 PSYoungGen      total 18944K, used 18935K [0x00000000eb200000, 0x00000000ec700000, 0x0000000100000000)
  eden space 16384K, 100% used [0x00000000eb200000,0x00000000ec200000,0x00000000ec200000)
  from space 2560K, 99% used [0x00000000ec200000,0x00000000ec47dc80,0x00000000ec480000)
  to   space 2560K, 0% used [0x00000000ec480000,0x00000000ec480000,0x00000000ec700000)
 ParOldGen       total 44032K, used 4831K [0x00000000c1600000, 0x00000000c4100000, 0x00000000eb200000)
  object space 44032K, 10% used [0x00000000c1600000,0x00000000c1ab7ed8,0x00000000c4100000)
 Metaspace       used 18341K, capacity 19034K, committed 19328K, reserved 1064960K
  class space    used 2629K, capacity 2822K, committed 2944K, reserved 1048576K
Event: 6.732 GC heap after
Heap after GC invocations=4 (full 0):
 PSYoungGen      total 18944K, used 1914K [0x00000000eb200000, 0x00000000ec700000, 0x0000000100000000)
  eden space 16384K, 0% used [0x00000000eb200000,0x00000000eb200000,0x00000000ec200000)
  from space 2560K, 74% used [0x00000000ec480000,0x00000000ec65e8c8,0x00000000ec700000)
  to   space 2560K, 0% used [0x00000000ec200000,0x00000000ec200000,0x00000000ec480000)
 ParOldGen       total 44032K, used 5863K [0x00000000c1600000, 0x00000000c4100000, 0x00000000eb200000)
  object space 44032K, 13% used [0x00000000c1600000,0x00000000c1bb9ee8,0x00000000c4100000)
 Metaspace       used 18341K, capacity 19034K, committed 19328K, reserved 1064960K
  class space    used 2629K, capacity 2822K, committed 2944K, reserved 1048576K
}
Event: 8.216 GC heap before
{Heap before GC invocations=5 (full 0):
 PSYoungGen      total 18944K, used 18298K [0x00000000eb200000, 0x00000000ec700000, 0x0000000100000000)
  eden space 16384K, 100% used [0x00000000eb200000,0x00000000ec200000,0x00000000ec200000)
  from space 2560K, 74% used [0x00000000ec480000,0x00000000ec65e8c8,0x00000000ec700000)
  to   space 2560K, 0% used [0x00000000ec200000,0x00000000ec200000,0x00000000ec480000)
 ParOldGen       total 44032K, used 5867K [0x00000000c1600000, 0x00000000c4100000, 0x00000000eb200000)
  object space 44032K, 13% used [0x00000000c1600000,0x00000000c1bbaf98,0x00000000c4100000)
 Metaspace       used 18700K, capacity 19392K, committed 19584K, reserved 1067008K
  class space    used 2636K, capacity 2855K, committed 2944K, reserved 1048576K
Event: 8.227 GC heap after
Heap after GC invocations=5 (full 0):
 PSYoungGen      total 18944K, used 1703K [0x00000000eb200000, 0x00000000ece00000, 0x0000000100000000)
  eden space 16384K, 0% used [0x00000000eb200000,0x00000000eb200000,0x00000000ec200000)
  from space 2560K, 66% used [0x00000000ec200000,0x00000000ec3a9c60,0x00000000ec480000)
  to   space 6144K, 0% used [0x00000000ec800000,0x00000000ec800000,0x00000000ece00000)
 ParOldGen       total 44032K, used 5867K [0x00000000c1600000, 0x00000000c4100000, 0x00000000eb200000)
  object space 44032K, 13% used [0x00000000c1600000,0x00000000c1bbaf98,0x00000000c4100000)
 Metaspace       used 18700K, capacity 19392K, committed 19584K, reserved 1067008K
  class space    used 2636K, capacity 2855K, committed 2944K, reserved 1048576K
}
Event: 9.995 GC heap before
{Heap before GC invocations=6 (full 0):
 PSYoungGen      total 18944K, used 18087K [0x00000000eb200000, 0x00000000ece00000, 0x0000000100000000)
  eden space 16384K, 100% used [0x00000000eb200000,0x00000000ec200000,0x00000000ec200000)
  from space 2560K, 66% used [0x00000000ec200000,0x00000000ec3a9c60,0x00000000ec480000)
  to   space 6144K, 0% used [0x00000000ec800000,0x00000000ec800000,0x00000000ece00000)
 ParOldGen       total 44032K, used 5867K [0x00000000c1600000, 0x00000000c4100000, 0x00000000eb200000)
  object space 44032K, 13% used [0x00000000c1600000,0x00000000c1bbaf98,0x00000000c4100000)
 Metaspace       used 19157K, capacity 19872K, committed 20096K, reserved 1067008K
  class space    used 2686K, capacity 2887K, committed 2944K, reserved 1048576K
Event: 10.028 GC heap after
Heap after GC invocations=6 (full 0):
 PSYoungGen      total 22528K, used 1993K [0x00000000eb200000, 0x00000000ece00000, 0x0000000100000000)
  eden space 16384K, 0% used [0x00000000eb200000,0x00000000eb200000,0x00000000ec200000)
  from space 6144K, 32% used [0x00000000ec800000,0x00000000ec9f2630,0x00000000ece00000)
  to   space 6144K, 0% used [0x00000000ec200000,0x00000000ec200000,0x00000000ec800000)
 ParOldGen       total 44032K, used 5875K [0x00000000c1600000, 0x00000000c4100000, 0x00000000eb200000)
  object space 44032K, 13% used [0x00000000c1600000,0x00000000c1bbcf98,0x00000000c4100000)
 Metaspace       used 19157K, capacity 19872K, committed 20096K, reserved 1067008K
  class space    used 2686K, capacity 2887K, committed 2944K, reserved 1048576K
}
Event: 11.315 GC heap before
{Heap before GC invocations=7 (full 0):
 PSYoungGen      total 22528K, used 18377K [0x00000000eb200000, 0x00000000ece00000, 0x0000000100000000)
  eden space 16384K, 100% used [0x00000000eb200000,0x00000000ec200000,0x00000000ec200000)
  from space 6144K, 32% used [0x00000000ec800000,0x00000000ec9f2630,0x00000000ece00000)
  to   space 6144K, 0% used [0x00000000ec200000,0x00000000ec200000,0x00000000ec800000)
 ParOldGen       total 44032K, used 5875K [0x00000000c1600000, 0x00000000c4100000, 0x00000000eb200000)
  object space 44032K, 13% used [0x00000000c1600000,0x00000000c1bbcf98,0x00000000c4100000)
 Metaspace       used 19519K, capacity 20256K, committed 20480K, reserved 1067008K
  class space    used 2730K, capacity 2951K, committed 3072K, reserved 1048576K
Event: 11.324 GC heap after
Heap after GC invocations=7 (full 0):
 PSYoungGen      total 22528K, used 672K [0x00000000eb200000, 0x00000000ece00000, 0x0000000100000000)
  eden space 16384K, 0% used [0x00000000eb200000,0x00000000eb200000,0x00000000ec200000)
  from space 6144K, 10% used [0x00000000ec200000,0x00000000ec2a8000,0x00000000ec800000)
  to   space 6144K, 0% used [0x00000000ec800000,0x00000000ec800000,0x00000000ece00000)
 ParOldGen       total 44032K, used 7276K [0x00000000c1600000, 0x00000000c4100000, 0x00000000eb200000)
  object space 44032K, 16% used [0x00000000c1600000,0x00000000c1d1b190,0x00000000c4100000)
 Metaspace       used 19519K, capacity 20256K, committed 20480K, reserved 1067008K
  class space    used 2730K, capacity 2951K, committed 3072K, reserved 1048576K
}
Event: 13.396 GC heap before
{Heap before GC invocations=8 (full 0):
 PSYoungGen      total 22528K, used 17056K [0x00000000eb200000, 0x00000000ece00000, 0x0000000100000000)
  eden space 16384K, 100% used [0x00000000eb200000,0x00000000ec200000,0x00000000ec200000)
  from space 6144K, 10% used [0x00000000ec200000,0x00000000ec2a8000,0x00000000ec800000)
  to   space 6144K, 0% used [0x00000000ec800000,0x00000000ec800000,0x00000000ece00000)
 ParOldGen       total 44032K, used 7276K [0x00000000c1600000, 0x00000000c4100000, 0x00000000eb200000)
  object space 44032K, 16% used [0x00000000c1600000,0x00000000c1d1b190,0x00000000c4100000)
 Metaspace       used 19834K, capacity 20522K, committed 20736K, reserved 1067008K
  class space    used 2756K, capacity 2952K, committed 3072K, reserved 1048576K
Event: 13.400 GC heap after
Heap after GC invocations=8 (full 0):
 PSYoungGen      total 22528K, used 482K [0x00000000eb200000, 0x00000000ece00000, 0x0000000100000000)
  eden space 16384K, 0% used [0x00000000eb200000,0x00000000eb200000,0x00000000ec200000)
  from space 6144K, 7% used [0x00000000ec800000,0x00000000ec878a18,0x00000000ece00000)
  to   space 6144K, 0% used [0x00000000ec200000,0x00000000ec200000,0x00000000ec800000)
 ParOldGen       total 44032K, used 7504K [0x00000000c1600000, 0x00000000c4100000, 0x00000000eb200000)
  object space 44032K, 17% used [0x00000000c1600000,0x00000000c1d541a0,0x00000000c4100000)
 Metaspace       used 19834K, capacity 20522K, committed 20736K, reserved 1067008K
  class space    used 2756K, capacity 2952K, committed 3072K, reserved 1048576K
}

